# JRE version: OpenJDK Runtime Environment Corretto-15.0.2.7.1 (15.0.2+7) (build 15.0.2+7)
# Java VM: OpenJDK 64-Bit Server VM Corretto-15.0.2.7.1 (15.0.2+7, mixed mode, sharing, tiered, compressed oops, g1 gc, windows-amd64)
GC Precious Log:
 CPUs: 8 total, 8 available
 Memory: 7455M
 Large Page Support: Disabled
 NUMA Support: Disabled
 Compressed Oops: Enabled (32-bit)
 Heap Region Size: 1M
 Heap Min Capacity: 8M
 Heap Initial Capacity: 118M
 Heap Max Capacity: 512M
 Pre-touch: Disabled
 Parallel Workers: 8
 Concurrent Workers: 2
 Concurrent Refinement Workers: 8
 Periodic GC: Disabled
Heap:
 garbage-first heap   total 75776K, used 56359K [0x00000000e0000000, 0x0000000100000000)
  region size 1024K, 27 young (27648K), 1 survivors (1024K)
 Metaspace       used 35381K, capacity 35798K, committed 35920K, reserved 1081344K
  class space    used 4665K, capacity 4780K, committed 4864K, reserved 1048576K
GC Heap History (16 events):
Event: 0.925 GC heap before
{Heap before GC invocations=0 (full 0):
 garbage-first heap   total 120832K, used 25600K [0x00000000e0000000, 0x0000000100000000)
  region size 1024K, 23 young (23552K), 0 survivors (0K)
 Metaspace       used 3056K, capacity 5433K, committed 5504K, reserved 1056768K
  class space    used 333K, capacity 582K, committed 640K, reserved 1048576K
}
Event: 0.933 GC heap after
{Heap after GC invocations=1 (full 0):
 garbage-first heap   total 120832K, used 13170K [0x00000000e0000000, 0x0000000100000000)
  region size 1024K, 3 young (3072K), 3 survivors (3072K)
 Metaspace       used 3056K, capacity 5433K, committed 5504K, reserved 1056768K
  class space    used 333K, capacity 582K, committed 640K, reserved 1048576K
}
Event: 2.043 GC heap before
{Heap before GC invocations=1 (full 0):
 garbage-first heap   total 120832K, used 33650K [0x00000000e0000000, 0x0000000100000000)
  region size 1024K, 23 young (23552K), 3 survivors (3072K)
 Metaspace       used 8257K, capacity 9074K, committed 9216K, reserved 1056768K
  class space    used 1061K, capacity 1159K, committed 1280K, reserved 1048576K
}
Event: 2.047 GC heap after
{Heap after GC invocations=2 (full 0):
 garbage-first heap   total 120832K, used 15528K [0x00000000e0000000, 0x0000000100000000)
  region size 1024K, 2 young (2048K), 2 survivors (2048K)
 Metaspace       used 8257K, capacity 9074K, committed 9216K, reserved 1056768K
  class space    used 1061K, capacity 1159K, committed 1280K, reserved 1048576K
}
Event: 3.848 GC heap before
{Heap before GC invocations=2 (full 0):
 garbage-first heap   total 120832K, used 55464K [0x00000000e0000000, 0x0000000100000000)
  region size 1024K, 41 young (41984K), 2 survivors (2048K)
 Metaspace       used 15716K, capacity 16022K, committed 16256K, reserved 1062912K
  class space    used 1973K, capacity 2062K, committed 2176K, reserved 1048576K
}
Event: 3.851 GC heap after
{Heap after GC invocations=3 (full 0):
 garbage-first heap   total 120832K, used 17431K [0x00000000e0000000, 0x0000000100000000)
  region size 1024K, 4 young (4096K), 4 survivors (4096K)
 Metaspace       used 15716K, capacity 16022K, committed 16256K, reserved 1062912K
  class space    used 1973K, capacity 2062K, committed 2176K, reserved 1048576K
}
Event: 5.294 GC heap before
{Heap before GC invocations=3 (full 0):
 garbage-first heap   total 120832K, used 48151K [0x00000000e0000000, 0x0000000100000000)
  region size 1024K, 35 young (35840K), 4 survivors (4096K)
 Metaspace       used 20880K, capacity 21144K, committed 21296K, reserved 1067008K
  class space    used 2740K, capacity 2851K, committed 2944K, reserved 1048576K
}
Event: 5.302 GC heap after
{Heap after GC invocations=4 (full 0):
 garbage-first heap   total 120832K, used 19980K [0x00000000e0000000, 0x0000000100000000)
  region size 1024K, 7 young (7168K), 7 survivors (7168K)
 Metaspace       used 20880K, capacity 21144K, committed 21296K, reserved 1067008K
  class space    used 2740K, capacity 2851K, committed 2944K, reserved 1048576K
}
Event: 6.674 GC heap before
{Heap before GC invocations=5 (full 0):
 garbage-first heap   total 75776K, used 57868K [0x00000000e0000000, 0x0000000100000000)
  region size 1024K, 44 young (45056K), 7 survivors (7168K)
 Metaspace       used 26371K, capacity 26727K, committed 26928K, reserved 1073152K
  class space    used 3520K, capacity 3665K, committed 3712K, reserved 1048576K
}
Event: 6.680 GC heap after
{Heap after GC invocations=6 (full 0):
 garbage-first heap   total 75776K, used 21741K [0x00000000e0000000, 0x0000000100000000)
  region size 1024K, 5 young (5120K), 5 survivors (5120K)
 Metaspace       used 26371K, capacity 26727K, committed 26928K, reserved 1073152K
  class space    used 3520K, capacity 3665K, committed 3712K, reserved 1048576K
}
Event: 7.649 GC heap before
{Heap before GC invocations=6 (full 0):
 garbage-first heap   total 75776K, used 52461K [0x00000000e0000000, 0x0000000100000000)
  region size 1024K, 35 young (35840K), 5 survivors (5120K)
 Metaspace       used 28224K, capacity 28608K, committed 28720K, reserved 1075200K
  class space    used 3822K, capacity 3928K, committed 3968K, reserved 1048576K
}
Event: 7.654 GC heap after
{Heap after GC invocations=7 (full 0):
 garbage-first heap   total 75776K, used 21412K [0x00000000e0000000, 0x0000000100000000)
  region size 1024K, 2 young (2048K), 2 survivors (2048K)
 Metaspace       used 28224K, capacity 28608K, committed 28720K, reserved 1075200K
  class space    used 3822K, capacity 3928K, committed 3968K, reserved 1048576K
}
Event: 22.634 GC heap before
{Heap before GC invocations=7 (full 0):
 garbage-first heap   total 75776K, used 55204K [0x00000000e0000000, 0x0000000100000000)
  region size 1024K, 35 young (35840K), 2 survivors (2048K)
 Metaspace       used 33928K, capacity 34343K, committed 34608K, reserved 1079296K
  class space    used 4502K, capacity 4617K, committed 4736K, reserved 1048576K
}
Event: 22.643 GC heap after
{Heap after GC invocations=8 (full 0):
 garbage-first heap   total 75776K, used 24316K [0x00000000e0000000, 0x0000000100000000)
  region size 1024K, 5 young (5120K), 5 survivors (5120K)
 Metaspace       used 33928K, capacity 34343K, committed 34608K, reserved 1079296K
  class space    used 4502K, capacity 4617K, committed 4736K, reserved 1048576K
}
Event: 23.127 GC heap before
{Heap before GC invocations=8 (full 0):
 garbage-first heap   total 75776K, used 65276K [0x00000000e0000000, 0x0000000100000000)
  region size 1024K, 36 young (36864K), 5 survivors (5120K)
 Metaspace       used 34044K, capacity 34439K, committed 34608K, reserved 1079296K
  class space    used 4516K, capacity 4649K, committed 4736K, reserved 1048576K
}
Event: 23.131 GC heap after
{Heap after GC invocations=9 (full 0):
 garbage-first heap   total 75776K, used 28711K [0x00000000e0000000, 0x0000000100000000)
  region size 1024K, 1 young (1024K), 1 survivors (1024K)
 Metaspace       used 34044K, capacity 34439K, committed 34608K, reserved 1079296K
  class space    used 4516K, capacity 4649K, committed 4736K, reserved 1048576K
}

