# JRE version: OpenJDK Runtime Environment Corretto-15.0.2.7.1 (15.0.2+7) (build 15.0.2+7)
# Java VM: OpenJDK 64-Bit Server VM Corretto-15.0.2.7.1 (15.0.2+7, mixed mode, sharing, tiered, compressed oops, g1 gc, windows-amd64)
GC Precious Log:
 CPUs: 8 total, 8 available
 Memory: 7455M
 Large Page Support: Disabled
 NUMA Support: Disabled
 Compressed Oops: Enabled (32-bit)
 Heap Region Size: 1M
 Heap Min Capacity: 8M
 Heap Initial Capacity: 118M
 Heap Max Capacity: 512M
 Pre-touch: Disabled
 Parallel Workers: 8
 Concurrent Workers: 2
 Concurrent Refinement Workers: 8
 Periodic GC: Disabled
Heap:
 garbage-first heap   total 68608K, used 55620K [0x00000000e0000000, 0x0000000100000000)
  region size 1024K, 28 young (28672K), 1 survivors (1024K)
 Metaspace       used 40222K, capacity 40600K, committed 40832K, reserved 1085440K
  class space    used 5057K, capacity 5164K, committed 5248K, reserved 1048576K
GC Heap History (20 events):
Event: 5.174 GC heap before
{Heap before GC invocations=3 (full 0):
 garbage-first heap   total 120832K, used 33220K [0x00000000e0000000, 0x0000000100000000)
  region size 1024K, 21 young (21504K), 4 survivors (4096K)
 Metaspace       used 20827K, capacity 21107K, committed 21248K, reserved 1069056K
  class space    used 2389K, capacity 2477K, committed 2560K, reserved 1048576K
}
Event: 5.177 GC heap after
{Heap after GC invocations=4 (full 0):
 garbage-first heap   total 120832K, used 17713K [0x00000000e0000000, 0x0000000100000000)
  region size 1024K, 5 young (5120K), 5 survivors (5120K)
 Metaspace       used 20827K, capacity 21107K, committed 21248K, reserved 1069056K
  class space    used 2389K, capacity 2477K, committed 2560K, reserved 1048576K
}
Event: 6.482 GC heap before
{Heap before GC invocations=5 (full 0):
 garbage-first heap   total 68608K, used 53553K [0x00000000e0000000, 0x0000000100000000)
  region size 1024K, 40 young (40960K), 5 survivors (5120K)
 Metaspace       used 26550K, capacity 26936K, committed 27008K, reserved 1073152K
  class space    used 3260K, capacity 3395K, committed 3456K, reserved 1048576K
}
Event: 6.488 GC heap after
{Heap after GC invocations=6 (full 0):
 garbage-first heap   total 68608K, used 20028K [0x00000000e0000000, 0x0000000100000000)
  region size 1024K, 5 young (5120K), 5 survivors (5120K)
 Metaspace       used 26550K, capacity 26936K, committed 27008K, reserved 1073152K
  class space    used 3260K, capacity 3395K, committed 3456K, reserved 1048576K
}
Event: 7.159 GC heap before
{Heap before GC invocations=6 (full 0):
 garbage-first heap   total 68608K, used 44604K [0x00000000e0000000, 0x0000000100000000)
  region size 1024K, 30 young (30720K), 5 survivors (5120K)
 Metaspace       used 30552K, capacity 30911K, committed 31104K, reserved 1077248K
  class space    used 3827K, capacity 3951K, committed 3968K, reserved 1048576K
}
Event: 7.163 GC heap after
{Heap after GC invocations=7 (full 0):
 garbage-first heap   total 68608K, used 21108K [0x00000000e0000000, 0x0000000100000000)
  region size 1024K, 2 young (2048K), 2 survivors (2048K)
 Metaspace       used 30552K, capacity 30911K, committed 31104K, reserved 1077248K
  class space    used 3827K, capacity 3951K, committed 3968K, reserved 1048576K
}
Event: 7.380 GC heap before
{Heap before GC invocations=7 (full 0):
 garbage-first heap   total 68608K, used 47732K [0x00000000e0000000, 0x0000000100000000)
  region size 1024K, 28 young (28672K), 2 survivors (2048K)
 Metaspace       used 31437K, capacity 31790K, committed 32000K, reserved 1077248K
  class space    used 3925K, capacity 4050K, committed 4096K, reserved 1048576K
}
Event: 7.382 GC heap after
{Heap after GC invocations=8 (full 0):
 garbage-first heap   total 68608K, used 21520K [0x00000000e0000000, 0x0000000100000000)
  region size 1024K, 2 young (2048K), 2 survivors (2048K)
 Metaspace       used 31437K, capacity 31790K, committed 32000K, reserved 1077248K
  class space    used 3925K, capacity 4050K, committed 4096K, reserved 1048576K
}
Event: 8.145 GC heap before
{Heap before GC invocations=8 (full 0):
 garbage-first heap   total 68608K, used 48144K [0x00000000e0000000, 0x0000000100000000)
  region size 1024K, 29 young (29696K), 2 survivors (2048K)
 Metaspace       used 35435K, capacity 35743K, committed 35840K, reserved 1081344K
  class space    used 4446K, capacity 4573K, committed 4608K, reserved 1048576K
}
Event: 8.148 GC heap after
{Heap after GC invocations=9 (full 0):
 garbage-first heap   total 68608K, used 23042K [0x00000000e0000000, 0x0000000100000000)
  region size 1024K, 4 young (4096K), 4 survivors (4096K)
 Metaspace       used 35435K, capacity 35743K, committed 35840K, reserved 1081344K
  class space    used 4446K, capacity 4573K, committed 4608K, reserved 1048576K
}
Event: 15.051 GC heap before
{Heap before GC invocations=10 (full 0):
 garbage-first heap   total 68608K, used 49666K [0x00000000e0000000, 0x0000000100000000)
  region size 1024K, 30 young (30720K), 4 survivors (4096K)
 Metaspace       used 38749K, capacity 39145K, committed 39424K, reserved 1083392K
  class space    used 4896K, capacity 5001K, committed 5120K, reserved 1048576K
}
Event: 15.055 GC heap after
{Heap after GC invocations=11 (full 0):
 garbage-first heap   total 68608K, used 24321K [0x00000000e0000000, 0x0000000100000000)
  region size 1024K, 2 young (2048K), 2 survivors (2048K)
 Metaspace       used 38749K, capacity 39145K, committed 39424K, reserved 1083392K
  class space    used 4896K, capacity 5001K, committed 5120K, reserved 1048576K
}
Event: 21.549 GC heap before
{Heap before GC invocations=11 (full 0):
 garbage-first heap   total 68608K, used 51969K [0x00000000e0000000, 0x0000000100000000)
  region size 1024K, 29 young (29696K), 2 survivors (2048K)
 Metaspace       used 38864K, capacity 39241K, committed 39424K, reserved 1083392K
  class space    used 4910K, capacity 5033K, committed 5120K, reserved 1048576K
}
Event: 21.551 GC heap after
{Heap after GC invocations=12 (full 0):
 garbage-first heap   total 68608K, used 26292K [0x00000000e0000000, 0x0000000100000000)
  region size 1024K, 4 young (4096K), 4 survivors (4096K)
 Metaspace       used 38864K, capacity 39241K, committed 39424K, reserved 1083392K
  class space    used 4910K, capacity 5033K, committed 5120K, reserved 1048576K
}
Event: 21.585 GC heap before
{Heap before GC invocations=12 (full 0):
 garbage-first heap   total 68608K, used 52916K [0x00000000e0000000, 0x0000000100000000)
  region size 1024K, 29 young (29696K), 4 survivors (4096K)
 Metaspace       used 38864K, capacity 39241K, committed 39424K, reserved 1083392K
  class space    used 4910K, capacity 5033K, committed 5120K, reserved 1048576K
}
Event: 21.588 GC heap after
{Heap after GC invocations=13 (full 0):
 garbage-first heap   total 68608K, used 26982K [0x00000000e0000000, 0x0000000100000000)
  region size 1024K, 2 young (2048K), 2 survivors (2048K)
 Metaspace       used 38864K, capacity 39241K, committed 39424K, reserved 1083392K
  class space    used 4910K, capacity 5033K, committed 5120K, reserved 1048576K
}
Event: 22.029 GC heap before
{Heap before GC invocations=13 (full 0):
 garbage-first heap   total 68608K, used 53606K [0x00000000e0000000, 0x0000000100000000)
  region size 1024K, 28 young (28672K), 2 survivors (2048K)
 Metaspace       used 39969K, capacity 40309K, committed 40576K, reserved 1085440K
  class space    used 5027K, capacity 5131K, committed 5248K, reserved 1048576K
}
Event: 22.031 GC heap after
{Heap after GC invocations=14 (full 0):
 garbage-first heap   total 68608K, used 26443K [0x00000000e0000000, 0x0000000100000000)
  region size 1024K, 3 young (3072K), 3 survivors (3072K)
 Metaspace       used 39969K, capacity 40309K, committed 40576K, reserved 1085440K
  class space    used 5027K, capacity 5131K, committed 5248K, reserved 1048576K
}
Event: 22.043 GC heap before
{Heap before GC invocations=14 (full 0):
 garbage-first heap   total 68608K, used 53067K [0x00000000e0000000, 0x0000000100000000)
  region size 1024K, 29 young (29696K), 3 survivors (3072K)
 Metaspace       used 39969K, capacity 40309K, committed 40576K, reserved 1085440K
  class space    used 5027K, capacity 5131K, committed 5248K, reserved 1048576K
}
Event: 22.046 GC heap after
{Heap after GC invocations=15 (full 0):
 garbage-first heap   total 68608K, used 26948K [0x00000000e0000000, 0x0000000100000000)
  region size 1024K, 3 young (3072K), 3 survivors (3072K)
 Metaspace       used 39969K, capacity 40309K, committed 40576K, reserved 1085440K
  class space    used 5027K, capacity 5131K, committed 5248K, reserved 1048576K
}

