# JRE version: OpenJDK Runtime Environment Corretto-15.0.2.7.1 (15.0.2+7) (build 15.0.2+7)
# Java VM: OpenJDK 64-Bit Server VM Corretto-15.0.2.7.1 (15.0.2+7, mixed mode, sharing, tiered, compressed oops, g1 gc, windows-amd64)
GC Precious Log:
 CPUs: 8 total, 8 available
 Memory: 7455M
 Large Page Support: Disabled
 NUMA Support: Disabled
 Compressed Oops: Enabled (32-bit)
 Heap Region Size: 1M
 Heap Min Capacity: 256M
 Heap Initial Capacity: 256M
 Heap Max Capacity: 512M
 Pre-touch: Disabled
 Parallel Workers: 8
 Concurrent Workers: 2
 Concurrent Refinement Workers: 8
 Periodic GC: Disabled
Heap:
 garbage-first heap   total 262144K, used 191923K [0x00000000e0000000, 0x0000000100000000)
  region size 1024K, 95 young (97280K), 13 survivors (13312K)
 Metaspace       used 77559K, capacity 78957K, committed 79104K, reserved 454656K
  class space    used 10280K, capacity 10711K, committed 10752K, reserved 385024K
GC Heap History (20 events):
Event: 1.382 GC heap before
{Heap before GC invocations=1 (full 0):
 garbage-first heap   total 262144K, used 38772K [0x00000000e0000000, 0x0000000100000000)
  region size 1024K, 36 young (36864K), 2 survivors (2048K)
 Metaspace       used 4859K, capacity 6983K, committed 7296K, reserved 393216K
  class space    used 600K, capacity 811K, committed 896K, reserved 385024K
}
Event: 1.387 GC heap after
{Heap after GC invocations=2 (full 0):
 garbage-first heap   total 262144K, used 11083K [0x00000000e0000000, 0x0000000100000000)
  region size 1024K, 5 young (5120K), 5 survivors (5120K)
 Metaspace       used 4859K, capacity 6983K, committed 7296K, reserved 393216K
  class space    used 600K, capacity 811K, committed 896K, reserved 385024K
}
Event: 5.489 GC heap before
{Heap before GC invocations=2 (full 0):
 garbage-first heap   total 262144K, used 163659K [0x00000000e0000000, 0x0000000100000000)
  region size 1024K, 153 young (156672K), 5 survivors (5120K)
 Metaspace       used 19479K, capacity 19852K, committed 20096K, reserved 403456K
  class space    used 2692K, capacity 2832K, committed 2944K, reserved 385024K
}
Event: 5.511 GC heap after
{Heap after GC invocations=3 (full 0):
 garbage-first heap   total 262144K, used 21626K [0x00000000e0000000, 0x0000000100000000)
  region size 1024K, 15 young (15360K), 15 survivors (15360K)
 Metaspace       used 19479K, capacity 19852K, committed 20096K, reserved 403456K
  class space    used 2692K, capacity 2832K, committed 2944K, reserved 385024K
}
Event: 5.738 GC heap before
{Heap before GC invocations=3 (full 0):
 garbage-first heap   total 262144K, used 28794K [0x00000000e0000000, 0x0000000100000000)
  region size 1024K, 23 young (23552K), 15 survivors (15360K)
 Metaspace       used 20715K, capacity 21132K, committed 21248K, reserved 403456K
  class space    used 2815K, capacity 2960K, committed 3072K, reserved 385024K
}
Event: 5.746 GC heap after
{Heap after GC invocations=4 (full 0):
 garbage-first heap   total 262144K, used 22137K [0x00000000e0000000, 0x0000000100000000)
  region size 1024K, 10 young (10240K), 10 survivors (10240K)
 Metaspace       used 20715K, capacity 21132K, committed 21248K, reserved 403456K
  class space    used 2815K, capacity 2960K, committed 3072K, reserved 385024K
}
Event: 9.303 GC heap before
{Heap before GC invocations=5 (full 0):
 garbage-first heap   total 262144K, used 146041K [0x00000000e0000000, 0x0000000100000000)
  region size 1024K, 128 young (131072K), 10 survivors (10240K)
 Metaspace       used 35365K, capacity 35791K, committed 35840K, reserved 417792K
  class space    used 4674K, capacity 4848K, committed 4864K, reserved 385024K
}
Event: 9.314 GC heap after
{Heap after GC invocations=6 (full 0):
 garbage-first heap   total 262144K, used 31093K [0x00000000e0000000, 0x0000000100000000)
  region size 1024K, 19 young (19456K), 19 survivors (19456K)
 Metaspace       used 35365K, capacity 35791K, committed 35840K, reserved 417792K
  class space    used 4674K, capacity 4848K, committed 4864K, reserved 385024K
}
Event: 12.380 GC heap before
{Heap before GC invocations=7 (full 0):
 garbage-first heap   total 262144K, used 169333K [0x00000000e0000000, 0x0000000100000000)
  region size 1024K, 153 young (156672K), 19 survivors (19456K)
 Metaspace       used 48414K, capacity 49272K, committed 49408K, reserved 428032K
  class space    used 6562K, capacity 6876K, committed 6912K, reserved 385024K
}
Event: 12.396 GC heap after
{Heap after GC invocations=8 (full 0):
 garbage-first heap   total 262144K, used 39274K [0x00000000e0000000, 0x0000000100000000)
  region size 1024K, 18 young (18432K), 18 survivors (18432K)
 Metaspace       used 48414K, capacity 49272K, committed 49408K, reserved 428032K
  class space    used 6562K, capacity 6876K, committed 6912K, reserved 385024K
}
Event: 15.882 GC heap before
{Heap before GC invocations=8 (full 0):
 garbage-first heap   total 262144K, used 176490K [0x00000000e0000000, 0x0000000100000000)
  region size 1024K, 153 young (156672K), 18 survivors (18432K)
 Metaspace       used 53316K, capacity 54169K, committed 54400K, reserved 432128K
  class space    used 6957K, capacity 7244K, committed 7296K, reserved 385024K
}
Event: 15.900 GC heap after
{Heap after GC invocations=9 (full 0):
 garbage-first heap   total 262144K, used 46700K [0x00000000e0000000, 0x0000000100000000)
  region size 1024K, 17 young (17408K), 17 survivors (17408K)
 Metaspace       used 53316K, capacity 54169K, committed 54400K, reserved 432128K
  class space    used 6957K, capacity 7244K, committed 7296K, reserved 385024K
}
Event: 18.037 GC heap before
{Heap before GC invocations=9 (full 0):
 garbage-first heap   total 262144K, used 170604K [0x00000000e0000000, 0x0000000100000000)
  region size 1024K, 138 young (141312K), 17 survivors (17408K)
 Metaspace       used 59166K, capacity 60054K, committed 60160K, reserved 438272K
  class space    used 7819K, capacity 8147K, committed 8192K, reserved 385024K
}
Event: 18.052 GC heap after
{Heap after GC invocations=10 (full 0):
 garbage-first heap   total 262144K, used 60804K [0x00000000e0000000, 0x0000000100000000)
  region size 1024K, 20 young (20480K), 20 survivors (20480K)
 Metaspace       used 59166K, capacity 60054K, committed 60160K, reserved 438272K
  class space    used 7819K, capacity 8147K, committed 8192K, reserved 385024K
}
Event: 22.302 GC heap before
{Heap before GC invocations=11 (full 0):
 garbage-first heap   total 262144K, used 196996K [0x00000000e0000000, 0x0000000100000000)
  region size 1024K, 153 young (156672K), 20 survivors (20480K)
 Metaspace       used 67159K, capacity 68421K, committed 68736K, reserved 444416K
  class space    used 8945K, capacity 9275K, committed 9344K, reserved 385024K
}
Event: 22.322 GC heap after
{Heap after GC invocations=12 (full 0):
 garbage-first heap   total 262144K, used 72489K [0x00000000e0000000, 0x0000000100000000)
  region size 1024K, 12 young (12288K), 12 survivors (12288K)
 Metaspace       used 67159K, capacity 68421K, committed 68736K, reserved 444416K
  class space    used 8945K, capacity 9275K, committed 9344K, reserved 385024K
}
Event: 25.106 GC heap before
{Heap before GC invocations=12 (full 0):
 garbage-first heap   total 262144K, used 204585K [0x00000000e0000000, 0x0000000100000000)
  region size 1024K, 140 young (143360K), 12 survivors (12288K)
 Metaspace       used 73287K, capacity 74586K, committed 74624K, reserved 450560K
  class space    used 9734K, capacity 10090K, committed 10112K, reserved 385024K
}
Event: 25.145 GC heap after
{Heap after GC invocations=13 (full 0):
 garbage-first heap   total 262144K, used 94208K [0x00000000e0000000, 0x0000000100000000)
  region size 1024K, 18 young (18432K), 18 survivors (18432K)
 Metaspace       used 73287K, capacity 74586K, committed 74624K, reserved 450560K
  class space    used 9734K, capacity 10090K, committed 10112K, reserved 385024K
}
Event: 27.807 GC heap before
{Heap before GC invocations=13 (full 0):
 garbage-first heap   total 262144K, used 201728K [0x00000000e0000000, 0x0000000100000000)
  region size 1024K, 122 young (124928K), 18 survivors (18432K)
 Metaspace       used 75583K, capacity 76944K, committed 77056K, reserved 452608K
  class space    used 9998K, capacity 10387K, committed 10496K, reserved 385024K
}
Event: 27.827 GC heap after
{Heap after GC invocations=14 (full 0):
 garbage-first heap   total 262144K, used 107955K [0x00000000e0000000, 0x0000000100000000)
  region size 1024K, 13 young (13312K), 13 survivors (13312K)
 Metaspace       used 75583K, capacity 76944K, committed 77056K, reserved 452608K
  class space    used 9998K, capacity 10387K, committed 10496K, reserved 385024K
}

