<?xml version="1.0" encoding="UTF-8"?><testsuite errors="0" failures="1" name="Crear un nuevo usuario en el sistema" skipped="0" tests="1" time="73.43" timestamp="2025-11-11 07:44:55"><testcase name="Crear un nuevo usuario exitosamente"><failure message="&#13;&#10;Expected: an element that is visible&#13;&#10;     but: no matching element found by xpath: //*[contains(text(),'Usuario registrado') or contains(text(),'creado') or contains(text(),'éxito')]" type="java.lang.AssertionError">&#13;
Expected: an element that is visible&#13;
     but: no matching element found by xpath: //*[contains(text(),'Usuario registrado') or contains(text(),'creado') or contains(text(),'éxito')]</failure><system-err>&#13;
Expected: an element that is visible&#13;
     but: no matching element found by xpath: //*[contains(text(),'Usuario registrado') or contains(text(),'creado') or contains(text(),'éxito')]&#13;
co.com.AutoLocal.tasks.CreacionUsuarios.ConfirmarCreacionUsuario.performAs(ConfirmarCreacionUsuario.java:57)&#13;
co.com.AutoLocal.stepsdefinitions.CrearUsuarioStepDefinition.confirmaLaCreacionDelUsuario(CrearUsuarioStepDefinition.java:71)&#13;
cucumber.runner.Runner.runPickle(Runner.java:80)&#13;
worker.org.gradle.process.internal.worker.GradleWorkerMain.run(GradleWorkerMain.java:69)&#13;
worker.org.gradle.process.internal.worker.GradleWorkerMain.main(GradleWorkerMain.java:74)&#13;
</system-err></testcase></testsuite>